\BOOKMARK [1][-]{section.1}{Inngangur}{}
\BOOKMARK [1][-]{section.2}{Notkun og uppsetning}{}
\BOOKMARK [1][-]{section.3}{Málfræði}{}
\BOOKMARK [2][-]{subsection.3.1}{Frumeiningar málsins}{section.3}
\BOOKMARK [3][-]{subsubsection.3.1.1}{Athugasemdir}{subsection.3.1}
\BOOKMARK [3][-]{subsubsection.3.1.2}{Lykilorð}{subsection.3.1}
\BOOKMARK [3][-]{subsubsection.3.1.3}{Sértákn}{subsection.3.1}
\BOOKMARK [2][-]{subsection.3.2}{Mállýsing}{section.3}
\BOOKMARK [3][-]{subsubsection.3.2.1}{Forrit}{subsection.3.2}
\BOOKMARK [3][-]{subsubsection.3.2.2}{Föll}{subsection.3.2}
\BOOKMARK [3][-]{subsubsection.3.2.3}{Stofnar}{subsection.3.2}
\BOOKMARK [3][-]{subsubsection.3.2.4}{Skilgreiningar}{subsection.3.2}
\BOOKMARK [3][-]{subsubsection.3.2.5}{Segðir}{subsection.3.2}
\BOOKMARK [1][-]{section.4}{Merking málsins}{}
\BOOKMARK [2][-]{subsection.4.1}{Gildi}{section.4}
\BOOKMARK [2][-]{subsection.4.2}{Breytur}{section.4}
\BOOKMARK [3][-]{subsubsection.4.2.1}{Heiltölur}{subsection.4.2}
\BOOKMARK [3][-]{subsubsection.4.2.2}{Fleytitölur}{subsection.4.2}
\BOOKMARK [3][-]{subsubsection.4.2.3}{Strengir}{subsection.4.2}
\BOOKMARK [2][-]{subsection.4.3}{Merking segða}{section.4}
\BOOKMARK [3][-]{subsubsection.4.3.1}{Raungildasegðir}{subsection.4.3}
\BOOKMARK [3][-]{subsubsection.4.3.2}{return-segð}{subsection.4.3}
\BOOKMARK [3][-]{subsubsection.4.3.3}{Röksegðir}{subsection.4.3}
\BOOKMARK [3][-]{subsubsection.4.3.4}{Kallsegð}{subsection.4.3}
\BOOKMARK [3][-]{subsubsection.4.3.5}{Tvíundaraðgerðir}{subsection.4.3}
\BOOKMARK [3][-]{subsubsection.4.3.6}{Einundaraðgerðir}{subsection.4.3}
\BOOKMARK [3][-]{subsubsection.4.3.7}{if-segð}{subsection.4.3}
\BOOKMARK [3][-]{subsubsection.4.3.8}{while-segð}{subsection.4.3}
\BOOKMARK [1][-]{section.5}{Til hliðsjónar ... hendið þessu eftir notkun}{}
\BOOKMARK [2][-]{subsection.5.1}{Mállýsing með syntax pakkanum í LaTeX}{section.5}
\BOOKMARK [2][-]{subsection.5.2}{Ýmis málrit með hjálp syntax pakkans í LaTeX}{section.5}
